<?xml version="1.0" encoding="UTF-8"?>
<!-- Generated by org.testng.reporters.JUnitReportReporter -->
<testsuite hostname="DESKTOP-B0AM9G5" failures="0" tests="4" name="testcases.Logintest" time="130.906" errors="0" timestamp="2024-01-09T10:07:38 IST" skipped="0">
  <testcase classname="testcases.Logintest" name="LoginWith_valid_credentials" time="25.258">
    <system-out>
      <![CDATA[Welcome to loginpage]]>
    </system-out>
  </testcase> <!-- LoginWith_valid_credentials -->
  <testcase classname="testcases.Logintest" name="LoginWith_valid_credentials" time="22.212">
    <system-out>
      <![CDATA[Welcome to loginpage]]>
    </system-out>
  </testcase> <!-- LoginWith_valid_credentials -->
  <testcase classname="testcases.Logintest" name="LoginWith_valid_credentials" time="65.555">
    <system-out>
      <![CDATA[Welcome to loginpage]]>
    </system-out>
  </testcase> <!-- LoginWith_valid_credentials -->
  <testcase classname="testcases.Logintest" name="LoginWith_valid_credentials" time="17.881">
    <system-out>
      <![CDATA[Welcome to loginpage]]>
    </system-out>
  </testcase> <!-- LoginWith_valid_credentials -->
  <system-out>
    <![CDATA[Welcome to loginpage
Welcome to loginpage
Welcome to loginpage
Welcome to loginpage]]>
  </system-out>
</testsuite> <!-- testcases.Logintest -->
