<?xml version="1.0" encoding="UTF-8"?>
<!-- Generated by org.testng.reporters.JUnitReportReporter -->
<testsuite hostname="DESKTOP-B0AM9G5" failures="0" tests="4" name="testcases.Homepagetest" time="35.768" errors="0" timestamp="2024-01-09T15:07:30 IST" skipped="0">
  <testcase classname="testcases.Homepagetest" name="verify_product_features_presence" time="7.722"/>
  <testcase classname="testcases.Homepagetest" name="verifytitle_on_Homepage" time="8.200"/>
  <testcase classname="testcases.Homepagetest" name="verify_allmenuitems_on_homepage" time="11.197"/>
  <testcase classname="testcases.Homepagetest" name="verifylogo_on_homepage" time="8.649"/>
  <system-out>
    <![CDATA[Welcome to loginpage
Welcome to loginpage
Welcome to loginpage
Welcome to loginpage]]>
  </system-out>
</testsuite> <!-- testcases.Homepagetest -->
