<?xml version="1.0" encoding="UTF-8"?>
<!-- Generated by org.testng.reporters.JUnitReportReporter -->
<testsuite hostname="DESKTOP-B0AM9G5" failures="0" tests="1" name="testcases.Signuptest" time="17.758" errors="0" timestamp="2024-01-09T15:07:30 IST" skipped="0">
  <testcase classname="testcases.Signuptest" name="signup" time="17.758"/>
  <system-out>
    <![CDATA[Welcome to loginpage
Welcome to loginpage
Welcome to loginpage
Welcome to loginpage]]>
  </system-out>
</testsuite> <!-- testcases.Signuptest -->
